\BOOKMARK [0][-]{chapter.1}{\376\377\000C\000l\000a\000s\000s\000\040\000I\000n\000d\000e\000x}{}% 1
\BOOKMARK [1][-]{section.1.1}{\376\377\000C\000l\000a\000s\000s\000\040\000H\000i\000e\000r\000a\000r\000c\000h\000y}{chapter.1}% 2
\BOOKMARK [0][-]{chapter.2}{\376\377\000C\000l\000a\000s\000s\000\040\000I\000n\000d\000e\000x}{}% 3
\BOOKMARK [1][-]{section.2.1}{\376\377\000C\000l\000a\000s\000s\000\040\000L\000i\000s\000t}{chapter.2}% 4
\BOOKMARK [0][-]{chapter.3}{\376\377\000C\000l\000a\000s\000s\000\040\000D\000o\000c\000u\000m\000e\000n\000t\000a\000t\000i\000o\000n}{}% 5
\BOOKMARK [1][-]{section.3.1}{\376\377\000B\000e\000r\000r\000y\000L\000a\000t\000t\000i\000c\000e\000A\000l\000g\000o\000s\000\040\000C\000l\000a\000s\000s\000\040\000R\000e\000f\000e\000r\000e\000n\000c\000e}{chapter.3}% 6
\BOOKMARK [2][-]{subsection.3.1.1}{\376\377\000D\000e\000t\000a\000i\000l\000e\000d\000\040\000D\000e\000s\000c\000r\000i\000p\000t\000i\000o\000n}{section.3.1}% 7
\BOOKMARK [2][-]{subsection.3.1.2}{\376\377\000M\000e\000m\000b\000e\000r\000\040\000F\000u\000n\000c\000t\000i\000o\000n\000\040\000D\000o\000c\000u\000m\000e\000n\000t\000a\000t\000i\000o\000n}{section.3.1}% 8
\BOOKMARK [3][-]{subsubsection.3.1.2.1}{\376\377\000E\000n\000u\000m\000\137\000N\000C\000o\000n\000c\000e\000p\000t\000s\000\137\000B\000e\000r\000r\000y}{subsection.3.1.2}% 9
\BOOKMARK [3][-]{subsubsection.3.1.2.2}{\376\377\000L\000o\000w\000e\000r\000N\000e\000i\000g\000h\000b\000o\000r\000s}{subsection.3.1.2}% 10
\BOOKMARK [3][-]{subsubsection.3.1.2.3}{\376\377\000M\000a\000k\000e\000M\000a\000t\000c\000h}{subsection.3.1.2}% 11
\BOOKMARK [3][-]{subsubsection.3.1.2.4}{\376\377\000M\000a\000x\000M\000o\000d\000\137\000P\000a\000r\000t\000i\000t\000i\000o\000n}{subsection.3.1.2}% 12
\BOOKMARK [3][-]{subsubsection.3.1.2.5}{\376\377\000N\000o\000n\000D\000o\000m\000i\000n\000a\000t\000i\000n\000g\000\137\000M\000a\000x\000M\000o\000d\000s}{subsection.3.1.2}% 13
\BOOKMARK [3][-]{subsubsection.3.1.2.6}{\376\377\000S\000t\000a\000r\000\137\000N\000\137\000C\000o\000n\000c\000e\000p\000t\000s}{subsection.3.1.2}% 14
\BOOKMARK [3][-]{subsubsection.3.1.2.7}{\376\377\000U\000p\000p\000e\000r\000N\000e\000i\000g\000h\000b\000o\000r\000s}{subsection.3.1.2}% 15
\BOOKMARK [1][-]{section.3.2}{\376\377\000C\000o\000n\000t\000e\000x\000t\000\040\000C\000l\000a\000s\000s\000\040\000R\000e\000f\000e\000r\000e\000n\000c\000e}{chapter.3}% 16
\BOOKMARK [2][-]{subsection.3.2.1}{\376\377\000D\000e\000t\000a\000i\000l\000e\000d\000\040\000D\000e\000s\000c\000r\000i\000p\000t\000i\000o\000n}{section.3.2}% 17
\BOOKMARK [2][-]{subsection.3.2.2}{\376\377\000C\000o\000n\000s\000t\000r\000u\000c\000t\000o\000r\000\040\000\046\000\040\000D\000e\000s\000t\000r\000u\000c\000t\000o\000r\000\040\000D\000o\000c\000u\000m\000e\000n\000t\000a\000t\000i\000o\000n}{section.3.2}% 18
\BOOKMARK [3][-]{subsubsection.3.2.2.1}{\376\377\000C\000o\000n\000t\000e\000x\000t}{subsection.3.2.2}% 19
\BOOKMARK [3][-]{subsubsection.3.2.2.2}{\376\377\000C\000o\000n\000t\000e\000x\000t}{subsection.3.2.2}% 20
\BOOKMARK [3][-]{subsubsection.3.2.2.3}{\376\377\000C\000o\000n\000t\000e\000x\000t}{subsection.3.2.2}% 21
\BOOKMARK [2][-]{subsection.3.2.3}{\376\377\000M\000e\000m\000b\000e\000r\000\040\000F\000u\000n\000c\000t\000i\000o\000n\000\040\000D\000o\000c\000u\000m\000e\000n\000t\000a\000t\000i\000o\000n}{section.3.2}% 22
\BOOKMARK [3][-]{subsubsection.3.2.3.1}{\376\377\000G\000e\000t\000L\000a\000b\000e\000l\000s}{subsection.3.2.3}% 23
\BOOKMARK [3][-]{subsubsection.3.2.3.2}{\376\377\000G\000e\000t\000N\000a\000m\000e\000M\000a\000p}{subsection.3.2.3}% 24
\BOOKMARK [3][-]{subsubsection.3.2.3.3}{\376\377\000G\000e\000t\000S\000e\000t}{subsection.3.2.3}% 25
\BOOKMARK [3][-]{subsubsection.3.2.3.4}{\376\377\000G\000e\000t\000S\000u\000b\000C\000o\000n\000t\000e\000x\000t}{subsection.3.2.3}% 26
\BOOKMARK [3][-]{subsubsection.3.2.3.5}{\376\377\000S\000e\000t\000D\000o\000m\000a\000i\000n\000I\000d}{subsection.3.2.3}% 27
\BOOKMARK [3][-]{subsubsection.3.2.3.6}{\376\377\000S\000e\000t\000N\000a\000m\000e\000M\000a\000p}{subsection.3.2.3}% 28
\BOOKMARK [1][-]{section.3.3}{\376\377\000I\000O\000S\000e\000t\000\040\000C\000l\000a\000s\000s\000\040\000R\000e\000f\000e\000r\000e\000n\000c\000e}{chapter.3}% 29
\BOOKMARK [2][-]{subsection.3.3.1}{\376\377\000D\000e\000t\000a\000i\000l\000e\000d\000\040\000D\000e\000s\000c\000r\000i\000p\000t\000i\000o\000n}{section.3.3}% 30
\BOOKMARK [2][-]{subsection.3.3.2}{\376\377\000M\000e\000m\000b\000e\000r\000\040\000F\000u\000n\000c\000t\000i\000o\000n\000\040\000D\000o\000c\000u\000m\000e\000n\000t\000a\000t\000i\000o\000n}{section.3.3}% 31
\BOOKMARK [3][-]{subsubsection.3.3.2.1}{\376\377\000S\000e\000t\000S\000i\000z\000e}{subsection.3.3.2}% 32
\BOOKMARK [1][-]{section.3.4}{\376\377\000L\000a\000t\000t\000i\000c\000e\000A\000l\000g\000o\000s\000\040\000C\000l\000a\000s\000s\000\040\000R\000e\000f\000e\000r\000e\000n\000c\000e}{chapter.3}% 33
\BOOKMARK [2][-]{subsection.3.4.1}{\376\377\000D\000e\000t\000a\000i\000l\000e\000d\000\040\000D\000e\000s\000c\000r\000i\000p\000t\000i\000o\000n}{section.3.4}% 34
\BOOKMARK [2][-]{subsection.3.4.2}{\376\377\000M\000e\000m\000b\000e\000r\000\040\000D\000a\000t\000a\000\040\000D\000o\000c\000u\000m\000e\000n\000t\000a\000t\000i\000o\000n}{section.3.4}% 35
\BOOKMARK [3][-]{subsubsection.3.4.2.1}{\376\377\000P\000R\000U\000N\000E\000\137\000S\000I\000Z\000E\000\137\000V\000E\000C\000T\000O\000R}{subsection.3.4.2}% 36
\BOOKMARK [1][-]{section.3.5}{\376\377\000N\000a\000m\000e\000M\000a\000p\000\040\000C\000l\000a\000s\000s\000\040\000R\000e\000f\000e\000r\000e\000n\000c\000e}{chapter.3}% 37
\BOOKMARK [2][-]{subsection.3.5.1}{\376\377\000D\000e\000t\000a\000i\000l\000e\000d\000\040\000D\000e\000s\000c\000r\000i\000p\000t\000i\000o\000n}{section.3.5}% 38
\BOOKMARK [1][-]{section.3.6}{\376\377\000N\000C\000l\000u\000s\000t\000e\000r\000\040\000C\000l\000a\000s\000s\000\040\000R\000e\000f\000e\000r\000e\000n\000c\000e}{chapter.3}% 39
\BOOKMARK [2][-]{subsection.3.6.1}{\376\377\000D\000e\000t\000a\000i\000l\000e\000d\000\040\000D\000e\000s\000c\000r\000i\000p\000t\000i\000o\000n}{section.3.6}% 40
\BOOKMARK [2][-]{subsection.3.6.2}{\376\377\000C\000o\000n\000s\000t\000r\000u\000c\000t\000o\000r\000\040\000\046\000\040\000D\000e\000s\000t\000r\000u\000c\000t\000o\000r\000\040\000D\000o\000c\000u\000m\000e\000n\000t\000a\000t\000i\000o\000n}{section.3.6}% 41
\BOOKMARK [3][-]{subsubsection.3.6.2.1}{\376\377\000N\000C\000l\000u\000s\000t\000e\000r}{subsection.3.6.2}% 42
\BOOKMARK [3][-]{subsubsection.3.6.2.2}{\376\377\000N\000C\000l\000u\000s\000t\000e\000r}{subsection.3.6.2}% 43
\BOOKMARK [3][-]{subsubsection.3.6.2.3}{\376\377\000N\000C\000l\000u\000s\000t\000e\000r}{subsection.3.6.2}% 44
\BOOKMARK [2][-]{subsection.3.6.3}{\376\377\000M\000e\000m\000b\000e\000r\000\040\000F\000u\000n\000c\000t\000i\000o\000n\000\040\000D\000o\000c\000u\000m\000e\000n\000t\000a\000t\000i\000o\000n}{section.3.6}% 45
\BOOKMARK [3][-]{subsubsection.3.6.3.1}{\376\377\000O\000u\000t\000p\000u\000t}{subsection.3.6.3}% 46
\BOOKMARK [1][-]{section.3.7}{\376\377\000R\000e\000l\000a\000t\000i\000o\000n\000G\000r\000a\000p\000h\000\040\000C\000l\000a\000s\000s\000\040\000R\000e\000f\000e\000r\000e\000n\000c\000e}{chapter.3}% 47
\BOOKMARK [2][-]{subsection.3.7.1}{\376\377\000D\000e\000t\000a\000i\000l\000e\000d\000\040\000D\000e\000s\000c\000r\000i\000p\000t\000i\000o\000n}{section.3.7}% 48
\BOOKMARK [2][-]{subsection.3.7.2}{\376\377\000M\000e\000m\000b\000e\000r\000\040\000F\000u\000n\000c\000t\000i\000o\000n\000\040\000D\000o\000c\000u\000m\000e\000n\000t\000a\000t\000i\000o\000n}{section.3.7}% 49
\BOOKMARK [3][-]{subsubsection.3.7.2.1}{\376\377\000A\000d\000d\000C\000o\000n\000t\000e\000x\000t}{subsection.3.7.2}% 50
\BOOKMARK [3][-]{subsubsection.3.7.2.2}{\376\377\000G\000e\000t\000N\000a\000m\000e\000M\000a\000p\000s}{subsection.3.7.2}% 51
\BOOKMARK [3][-]{subsubsection.3.7.2.3}{\376\377\000I\000s\000E\000d\000g\000e}{subsection.3.7.2}% 52
